[  0%] Built target nav_msgs_generate_messages_py
[  0%] Built target geometry_msgs_generate_messages_py
[  0%] Built target geometry_msgs_generate_messages_cpp
[  0%] Built target nav_msgs_generate_messages_cpp
[  0%] Built target _multi_map_server_generate_messages_check_deps_MultiSparseMap3D
[  0%] Built target nav_msgs_generate_messages_eus
[  0%] Built target _multi_map_server_generate_messages_check_deps_VerticalOccupancyGridList
[  0%] Built target geometry_msgs_generate_messages_eus
[  0%] Built target _multi_map_server_generate_messages_check_deps_MultiOccupancyGrid
[  0%] Built target _multi_map_server_generate_messages_check_deps_SparseMap3D
[  0%] Built target geometry_msgs_generate_messages_lisp
[  0%] Built target nav_msgs_generate_messages_lisp
[  0%] Built target geometry_msgs_generate_messages_nodejs
[  0%] Built target nav_msgs_generate_messages_nodejs
[ 16%] Built target multi_map_server_generate_messages_cpp
[ 33%] Built target multi_map_server_generate_messages_lisp
[ 54%] Built target multi_map_server_generate_messages_eus
[ 70%] Built target multi_map_server_generate_messages_nodejs
[ 91%] Built target multi_map_server_generate_messages_py
[ 91%] Built target multi_map_server_generate_messages
[ 95%] [32mBuilding CXX object CMakeFiles/multi_map_visualization.dir/src/multi_map_visualization.cc.o[0m
[100%] [32m[1mLinking CXX executable /home/chunxin/PF/kinodynamic_frontend/devel/.private/multi_map_server/lib/multi_map_server/multi_map_visualization[0m
[100%] Built target multi_map_visualization
