[  0%] Built target geometry_msgs_generate_messages_py
[  0%] Built target nav_msgs_generate_messages_cpp
[  0%] Built target geometry_msgs_generate_messages_cpp
[  0%] Built target geometry_msgs_generate_messages_eus
[  0%] Built target nav_msgs_generate_messages_eus
[  0%] Built target nav_msgs_generate_messages_lisp
[  0%] Built target nav_msgs_generate_messages_py
[  0%] Built target geometry_msgs_generate_messages_nodejs
[  0%] Built target nav_msgs_generate_messages_nodejs
[  0%] Built target geometry_msgs_generate_messages_lisp
[  0%] Built target _multi_map_server_generate_messages_check_deps_MultiSparseMap3D
[  0%] Built target _multi_map_server_generate_messages_check_deps_SparseMap3D
[  0%] Built target _multi_map_server_generate_messages_check_deps_VerticalOccupancyGridList
[  8%] Built target multi_map_visualization
[  8%] Built target _multi_map_server_generate_messages_check_deps_MultiOccupancyGrid
[ 25%] Built target multi_map_server_generate_messages_cpp
[ 41%] Built target multi_map_server_generate_messages_lisp
[ 75%] Built target multi_map_server_generate_messages_nodejs
[ 79%] Built target multi_map_server_generate_messages_py
[100%] Built target multi_map_server_generate_messages_eus
[100%] Built target multi_map_server_generate_messages
